【BusinessException】Message:错误的key; Code:0; in /home/wwwroot/kernel/api/client/getjob.php as line 10; 
		GetjobClientApi::index in /home/wwwroot/kernel/request.php as line 17
		Request::apiRequest in /home/wwwroot/feng/lib/core/url.php as line 30
		UrlCoreLib::parseUrl in /home/wwwroot/feng/main.php as line 146
		Main::run in /home/wwwroot/kernel/index.php as line 14
【Exception】Message:not found :: ./api/client/savejob.php; Code:0; in /home/wwwroot/feng/lib/core/request.php as line 69; 
		RequestCoreLib::getViewClass in /home/wwwroot/kernel/request.php as line 15
		Request::apiRequest in /home/wwwroot/feng/lib/core/url.php as line 30
		UrlCoreLib::parseUrl in /home/wwwroot/feng/main.php as line 146
		Main::run in /home/wwwroot/kernel/index.php as line 14
【RedisException】Message:Can't connect to 192.168.1.149:6379; Code:0; in /home/wwwroot/feng/lib/core/redis.php as line 22; 
		Redis::connect in /home/wwwroot/feng/lib/core/redis.php as line 22
		RedisCoreLib::connect in /home/wwwroot/feng/lib/core/redis.php as line 9
		RedisCoreLib::__construct in /home/wwwroot/kernel/api/client/savejobs.php as line 11
		SavejobsClientApi::index in /home/wwwroot/kernel/request.php as line 17
		Request::apiRequest in /home/wwwroot/feng/lib/core/url.php as line 30
		UrlCoreLib::parseUrl in /home/wwwroot/feng/main.php as line 146
		Main::run in /home/wwwroot/kernel/index.php as line 14
【Exception】Message:not found :: ./api/client/getscrpt.php; Code:0; in /home/wwwroot/feng/lib/core/request.php as line 69; 
		RequestCoreLib::getViewClass in /home/wwwroot/kernel/request.php as line 15
		Request::apiRequest in /home/wwwroot/feng/lib/core/url.php as line 30
		UrlCoreLib::parseUrl in /home/wwwroot/feng/main.php as line 146
		Main::run in /home/wwwroot/kernel/index.php as line 14
【BusinessException】Message:脚本名称不能为空; Code:0; in /home/wwwroot/kernel/api/client/getscript.php as line 14; 
		GetscriptClientApi::index in /home/wwwroot/kernel/request.php as line 17
		Request::apiRequest in /home/wwwroot/feng/lib/core/url.php as line 30
		UrlCoreLib::parseUrl in /home/wwwroot/feng/main.php as line 146
		Main::run in /home/wwwroot/kernel/index.php as line 14
【BusinessException】Message:文件不存在; Code:0; in /home/wwwroot/kernel/api/client/getscript.php as line 25; 
		GetscriptClientApi::index in /home/wwwroot/kernel/request.php as line 17
		Request::apiRequest in /home/wwwroot/feng/lib/core/url.php as line 30
		UrlCoreLib::parseUrl in /home/wwwroot/feng/main.php as line 146
		Main::run in /home/wwwroot/kernel/index.php as line 14
【BusinessException】Message:文件不存在; Code:0; in /home/wwwroot/kernel/api/client/getscript.php as line 25; 
		GetscriptClientApi::index in /home/wwwroot/kernel/request.php as line 17
		Request::apiRequest in /home/wwwroot/feng/lib/core/url.php as line 30
		UrlCoreLib::parseUrl in /home/wwwroot/feng/main.php as line 146
		Main::run in /home/wwwroot/kernel/index.php as line 14
【BusinessException】Message:文件不存在; Code:0; in /home/wwwroot/kernel/api/client/getscript.php as line 25; 
		GetscriptClientApi::index in /home/wwwroot/kernel/request.php as line 17
		Request::apiRequest in /home/wwwroot/feng/lib/core/url.php as line 30
		UrlCoreLib::parseUrl in /home/wwwroot/feng/main.php as line 146
		Main::run in /home/wwwroot/kernel/index.php as line 14
【BusinessException】Message:文件不存在; Code:0; in /home/wwwroot/kernel/api/client/getscript.php as line 25; 
		GetscriptClientApi::index in /home/wwwroot/kernel/request.php as line 17
		Request::apiRequest in /home/wwwroot/feng/lib/core/url.php as line 30
		UrlCoreLib::parseUrl in /home/wwwroot/feng/main.php as line 146
		Main::run in /home/wwwroot/kernel/index.php as line 14
【BusinessException】Message:文件不存在; Code:0; in /home/wwwroot/kernel/api/client/getscript.php as line 25; 
		GetscriptClientApi::index in /home/wwwroot/kernel/request.php as line 17
		Request::apiRequest in /home/wwwroot/feng/lib/core/url.php as line 30
		UrlCoreLib::parseUrl in /home/wwwroot/feng/main.php as line 146
		Main::run in /home/wwwroot/kernel/index.php as line 14
【BusinessException】Message:文件不存在; Code:0; in /home/wwwroot/kernel/api/client/getscript.php as line 26; 
		GetscriptClientApi::index in /home/wwwroot/kernel/request.php as line 17
		Request::apiRequest in /home/wwwroot/feng/lib/core/url.php as line 30
		UrlCoreLib::parseUrl in /home/wwwroot/feng/main.php as line 146
		Main::run in /home/wwwroot/kernel/index.php as line 14
【BusinessException】Message:文件不存在; Code:0; in /home/wwwroot/kernel/api/client/getscript.php as line 26; 
		GetscriptClientApi::index in /home/wwwroot/kernel/request.php as line 17
		Request::apiRequest in /home/wwwroot/feng/lib/core/url.php as line 30
		UrlCoreLib::parseUrl in /home/wwwroot/feng/main.php as line 146
		Main::run in /home/wwwroot/kernel/index.php as line 14
【BusinessException】Message:脚本名称不能为空; Code:0; in /home/wwwroot/kernel/api/client/getscript.php as line 14; 
		GetscriptClientApi::index in /home/wwwroot/kernel/request.php as line 17
		Request::apiRequest in /home/wwwroot/feng/lib/core/url.php as line 30
		UrlCoreLib::parseUrl in /home/wwwroot/feng/main.php as line 146
		Main::run in /home/wwwroot/kernel/index.php as line 14
【BusinessException】Message:脚本名称不能为空; Code:0; in /home/wwwroot/kernel/api/client/getscript.php as line 14; 
		GetscriptClientApi::index in /home/wwwroot/kernel/request.php as line 17
		Request::apiRequest in /home/wwwroot/feng/lib/core/url.php as line 30
		UrlCoreLib::parseUrl in /home/wwwroot/feng/main.php as line 146
		Main::run in /home/wwwroot/kernel/index.php as line 14
【BusinessException】Message:脚本名称不能为空; Code:0; in /home/wwwroot/kernel/api/client/getscript.php as line 14; 
		GetscriptClientApi::index in /home/wwwroot/kernel/request.php as line 17
		Request::apiRequest in /home/wwwroot/feng/lib/core/url.php as line 30
		UrlCoreLib::parseUrl in /home/wwwroot/feng/main.php as line 146
		Main::run in /home/wwwroot/kernel/index.php as line 14
【BusinessException】Message:脚本名称不能为空; Code:0; in /home/wwwroot/kernel/api/client/getscript.php as line 14; 
		GetscriptClientApi::index in /home/wwwroot/kernel/request.php as line 17
		Request::apiRequest in /home/wwwroot/feng/lib/core/url.php as line 30
		UrlCoreLib::parseUrl in /home/wwwroot/feng/main.php as line 146
		Main::run in /home/wwwroot/kernel/index.php as line 14
【BusinessException】Message:脚本名称不能为空; Code:0; in /home/wwwroot/kernel/api/client/getscript.php as line 14; 
		GetscriptClientApi::index in /home/wwwroot/kernel/request.php as line 17
		Request::apiRequest in /home/wwwroot/feng/lib/core/url.php as line 30
		UrlCoreLib::parseUrl in /home/wwwroot/feng/main.php as line 146
		Main::run in /home/wwwroot/kernel/index.php as line 14
【BusinessException】Message:脚本名称不能为空; Code:0; in /home/wwwroot/kernel/api/client/getscript.php as line 14; 
		GetscriptClientApi::index in /home/wwwroot/kernel/request.php as line 17
		Request::apiRequest in /home/wwwroot/feng/lib/core/url.php as line 30
		UrlCoreLib::parseUrl in /home/wwwroot/feng/main.php as line 146
		Main::run in /home/wwwroot/kernel/index.php as line 14
